<?xml version="1.0" encoding="UTF-8"?>
<!-- Generated by org.testng.reporters.JUnitXMLReporter -->
<testsuite ignored="0" hostname="Dalya" failures="0" tests="3" name="Default test" time="2.655" errors="0" timestamp="2024-07-05T12:13:15 EET">
  <testcase classname="HomePage.HomePageTests" name="ChechTheDefaultLanguageIsEnglish" time="0.028"/>
  <testcase classname="HomePage.HomePageTests" name="CheckTheContactNumber" time="0.026"/>
  <testcase classname="HomePage.HomePageTests" name="CheckTheDefaultCurrency" time="0.021"/>
</testsuite> <!-- Default test -->
