<?xml version="1.0" encoding="UTF-8"?>
<!-- Generated by org.testng.reporters.JUnitXMLReporter -->
<testsuite ignored="0" hostname="Dalya" failures="0" tests="6" name="Default test" time="3.305" errors="0" timestamp="2024-07-17T12:30:25 EET">
  <testcase classname="HomePage.HomePageTests" name="ChechTheDefaultLanguageIsEnglish" time="0.033"/>
  <testcase classname="HomePage.HomePageTests" name="CheckHotels" time="0.029"/>
  <testcase classname="HomePage.HomePageTests" name="CheckQitafLogo" time="0.029"/>
  <testcase classname="HomePage.HomePageTests" name="CheckTheContactNumber" time="0.025"/>
  <testcase classname="HomePage.HomePageTests" name="CheckTheDates" time="0.076"/>
  <testcase classname="HomePage.HomePageTests" name="CheckTheDefaultCurrency" time="0.025"/>
</testsuite> <!-- Default test -->
