<?xml version="1.0" encoding="UTF-8"?>
<testng-results ignored="0" total="6" passed="6" failed="0" skipped="0">
  <reporter-output>
  </reporter-output>
  <suite started-at="2024-07-17T12:30:21 EET" name="Default suite" finished-at="2024-07-17T12:30:25 EET" duration-ms="3305">
    <groups>
    </groups>
    <test started-at="2024-07-17T12:30:21 EET" name="Default test" finished-at="2024-07-17T12:30:25 EET" duration-ms="3305">
      <class name="HomePage.HomePageTests">
        <test-method is-config="true" signature="mysetup()[pri:0, instance:HomePage.HomePageTests@4535b6d5]" started-at="2024-07-17T12:30:21 EET" name="mysetup" finished-at="2024-07-17T12:30:24 EET" duration-ms="3054" status="PASS">
          <reporter-output>
          </reporter-output>
        </test-method> <!-- mysetup -->
        <test-method signature="ChechTheDefaultLanguageIsEnglish()[pri:0, instance:HomePage.HomePageTests@4535b6d5]" started-at="2024-07-17T12:30:24 EET" name="ChechTheDefaultLanguageIsEnglish" finished-at="2024-07-17T12:30:24 EET" duration-ms="33" status="PASS">
          <reporter-output>
          </reporter-output>
        </test-method> <!-- ChechTheDefaultLanguageIsEnglish -->
        <test-method signature="CheckHotels()[pri:0, instance:HomePage.HomePageTests@4535b6d5]" started-at="2024-07-17T12:30:24 EET" name="CheckHotels" finished-at="2024-07-17T12:30:24 EET" duration-ms="29" status="PASS">
          <reporter-output>
          </reporter-output>
        </test-method> <!-- CheckHotels -->
        <test-method signature="CheckQitafLogo()[pri:0, instance:HomePage.HomePageTests@4535b6d5]" started-at="2024-07-17T12:30:24 EET" name="CheckQitafLogo" finished-at="2024-07-17T12:30:25 EET" duration-ms="29" status="PASS">
          <reporter-output>
          </reporter-output>
        </test-method> <!-- CheckQitafLogo -->
        <test-method signature="CheckTheContactNumber()[pri:0, instance:HomePage.HomePageTests@4535b6d5]" started-at="2024-07-17T12:30:25 EET" name="CheckTheContactNumber" finished-at="2024-07-17T12:30:25 EET" duration-ms="25" status="PASS">
          <reporter-output>
          </reporter-output>
        </test-method> <!-- CheckTheContactNumber -->
        <test-method signature="CheckTheDates()[pri:0, instance:HomePage.HomePageTests@4535b6d5]" started-at="2024-07-17T12:30:25 EET" name="CheckTheDates" finished-at="2024-07-17T12:30:25 EET" duration-ms="76" status="PASS">
          <reporter-output>
          </reporter-output>
        </test-method> <!-- CheckTheDates -->
        <test-method signature="CheckTheDefaultCurrency()[pri:0, instance:HomePage.HomePageTests@4535b6d5]" started-at="2024-07-17T12:30:25 EET" name="CheckTheDefaultCurrency" finished-at="2024-07-17T12:30:25 EET" duration-ms="25" status="PASS">
          <reporter-output>
          </reporter-output>
        </test-method> <!-- CheckTheDefaultCurrency -->
      </class> <!-- HomePage.HomePageTests -->
    </test> <!-- Default test -->
  </suite> <!-- Default suite -->
</testng-results>
