<?xml version="1.0" encoding="UTF-8"?>
<testng-results ignored="0" total="3" passed="3" failed="0" skipped="0">
  <reporter-output>
  </reporter-output>
  <suite started-at="2024-07-05T12:13:12 EET" name="Default suite" finished-at="2024-07-05T12:13:15 EET" duration-ms="2655">
    <groups>
    </groups>
    <test started-at="2024-07-05T12:13:12 EET" name="Default test" finished-at="2024-07-05T12:13:15 EET" duration-ms="2655">
      <class name="HomePage.HomePageTests">
        <test-method is-config="true" signature="mysetup()[pri:0, instance:HomePage.HomePageTests@34cdeda2]" started-at="2024-07-05T12:13:12 EET" name="mysetup" finished-at="2024-07-05T12:13:15 EET" duration-ms="2543" status="PASS">
          <reporter-output>
          </reporter-output>
        </test-method> <!-- mysetup -->
        <test-method signature="ChechTheDefaultLanguageIsEnglish()[pri:0, instance:HomePage.HomePageTests@34cdeda2]" started-at="2024-07-05T12:13:15 EET" name="ChechTheDefaultLanguageIsEnglish" finished-at="2024-07-05T12:13:15 EET" duration-ms="28" status="PASS">
          <reporter-output>
          </reporter-output>
        </test-method> <!-- ChechTheDefaultLanguageIsEnglish -->
        <test-method signature="CheckTheContactNumber()[pri:0, instance:HomePage.HomePageTests@34cdeda2]" started-at="2024-07-05T12:13:15 EET" name="CheckTheContactNumber" finished-at="2024-07-05T12:13:15 EET" duration-ms="26" status="PASS">
          <reporter-output>
          </reporter-output>
        </test-method> <!-- CheckTheContactNumber -->
        <test-method signature="CheckTheDefaultCurrency()[pri:0, instance:HomePage.HomePageTests@34cdeda2]" started-at="2024-07-05T12:13:15 EET" name="CheckTheDefaultCurrency" finished-at="2024-07-05T12:13:15 EET" duration-ms="21" status="PASS">
          <reporter-output>
          </reporter-output>
        </test-method> <!-- CheckTheDefaultCurrency -->
      </class> <!-- HomePage.HomePageTests -->
    </test> <!-- Default test -->
  </suite> <!-- Default suite -->
</testng-results>
